build/app/outputs/mapping/release/usage.txt
kotlin.concurrent.TimersKt
kotlin.contracts.CallsInPlace
kotlin.contracts.ConditionalEffect
kotlin.contracts.ContractBuilder$DefaultImpls
kotlin.contracts.ContractBuilder
kotlin.contracts.ContractBuilderKt
kotlin.contracts.Effect
kotlin.contracts.ExperimentalContracts
kotlin.contracts.InvocationKind
kotlin.contracts.Returns
kotlin.contracts.ReturnsNotNull
kotlin.contracts.SimpleEffect
kotlin.coroutines.AbstractCoroutineContextElement
kotlin.coroutines.AbstractCoroutineContextKey
kotlin.coroutines.CombinedContext$Serialized$Companion
kotlin.coroutines.CombinedContext$Serialized
kotlin.coroutines.CombinedContext$toString$1
kotlin.coroutines.CombinedContext$writeReplace$1
kotlin.coroutines.CombinedContext
kotlin.coroutines.Continuation
kotlin.coroutines.ContinuationInterceptor$DefaultImpls
kotlin.coroutines.ContinuationInterceptor$Key
kotlin.coroutines.ContinuationInterceptor
kotlin.coroutines.ContinuationKt$Continuation$1
kotlin.coroutines.ContinuationKt
kotlin.coroutines.CoroutineContext$DefaultImpls
kotlin.coroutines.CoroutineContext$Element$DefaultImpls
kotlin.coroutines.CoroutineContext$Element
kotlin.coroutines.CoroutineContext$Key
kotlin.coroutines.CoroutineContext$plus$1
kotlin.coroutines.CoroutineContext
kotlin.coroutines.CoroutineContextImplKt
kotlin.coroutines.EmptyCoroutineContext
kotlin.coroutines.RestrictsSuspension
kotlin.coroutines.SafeContinuation$Companion
kotlin.coroutines.SafeContinuation
kotlin.coroutines.cancellation.CancellationExceptionKt
kotlin.coroutines.intrinsics.CoroutineSingletons
kotlin.coroutines.intrinsics.IntrinsicsKt
kotlin.coroutines.intrinsics.IntrinsicsKt__IntrinsicsJvmKt$createCoroutineFromSuspendFunction$1
kotlin.coroutines.intrinsics.IntrinsicsKt__IntrinsicsJvmKt$createCoroutineFromSuspendFunction$2
kotlin.coroutines.intrinsics.IntrinsicsKt__IntrinsicsJvmKt$createCoroutineUnintercepted$$inlined$createCoroutineFromSuspendFunction$IntrinsicsKt__IntrinsicsJvmKt$1
kotlin.coroutines.intrinsics.IntrinsicsKt__IntrinsicsJvmKt$createCoroutineUnintercepted$$inlined$createCoroutineFromSuspendFunction$IntrinsicsKt__IntrinsicsJvmKt$2
kotlin.coroutines.intrinsics.IntrinsicsKt__IntrinsicsJvmKt$createCoroutineUnintercepted$$inlined$createCoroutineFromSuspendFunction$IntrinsicsKt__IntrinsicsJvmKt$3
kotlin.coroutines.intrinsics.IntrinsicsKt__IntrinsicsJvmKt$createCoroutineUnintercepted$$inlined$createCoroutineFromSuspendFunction$IntrinsicsKt__IntrinsicsJvmKt$4
kotlin.coroutines.intrinsics.IntrinsicsKt__IntrinsicsJvmKt
kotlin.coroutines.intrinsics.IntrinsicsKt__IntrinsicsKt
kotlin.coroutines.jvm.internal.BaseContinuationImpl
kotlin.coroutines.jvm.internal.Boxing
kotlin.coroutines.jvm.internal.CompletedContinuation
kotlin.coroutines.jvm.internal.ContinuationImpl
kotlin.coroutines.jvm.internal.CoroutineStackFrame
kotlin.coroutines.jvm.internal.DebugMetadata
kotlin.coroutines.jvm.internal.DebugMetadataKt
kotlin.coroutines.jvm.internal.DebugProbesKt
kotlin.coroutines.jvm.internal.ModuleNameRetriever$Cache
kotlin.coroutines.jvm.internal.ModuleNameRetriever
kotlin.coroutines.jvm.internal.RestrictedContinuationImpl
kotlin.coroutines.jvm.internal.RestrictedSuspendLambda
kotlin.coroutines.jvm.internal.RunSuspend
kotlin.coroutines.jvm.internal.RunSuspendKt
kotlin.coroutines.jvm.internal.SuspendFunction
kotlin.coroutines.jvm.internal.SuspendLambda
kotlin.experimental.BitwiseOperationsKt
kotlin.experimental.ExperimentalTypeInference
kotlin.internal.AccessibleLateinitPropertyLiteral
kotlin.internal.ContractsDsl
kotlin.internal.DynamicExtension
kotlin.internal.Exact
kotlin.internal.HidesMembers
kotlin.internal.InlineOnly
kotlin.internal.LowPriorityInOverloadResolution
kotlin.internal.NoInfer
kotlin.internal.OnlyInputTypes
kotlin.internal.PlatformDependent
kotlin.internal.PlatformImplementations:
    public kotlin.random.Random defaultPlatformRandom()
    public kotlin.text.MatchGroup getMatchResultNamedGroup(java.util.regex.MatchResult,java.lang.String)
    public java.util.List getSuppressed(java.lang.Throwable)